<?xml version="1.0" encoding="UTF-8"?>
<testsuite xmlns:xsi="http://www.w3.org/2001/XMLSchema-instance" xsi:noNamespaceSchemaLocation="https://maven.apache.org/surefire/maven-surefire-plugin/xsd/surefire-test-report.xsd" name="TestSuite" time="12.344" tests="3" errors="0" skipped="2" failures="1">
  <properties>
[...]
</properties>
  <testcase name="beforeTest" classname="NewTest.NewTest" time="12.163">
    <failure message="java.net.ConnectException: Failed to connect to localhost/0:0:0:0:0:0:0:1:5385&#10;Build info: version: &apos;3.9.1&apos;, revision: &apos;63f7b50&apos;, time: &apos;2018-02-07T22:25:02.294Z&apos;&#10;System info: host: &apos;WIN-GEDESCREUP8&apos;, ip: &apos;172.16.161.151&apos;, os.name: &apos;Windows 7&apos;, os.arch: &apos;amd64&apos;, os.version: &apos;6.1&apos;, java.version: &apos;1.8.0_121&apos;&#10;Driver info: driver.version: ChromeDriver" type="org.openqa.selenium.WebDriverException">org.openqa.selenium.WebDriverException: 
java.net.ConnectException: Failed to connect to localhost/0:0:0:0:0:0:0:1:5385
Build info: version: '3.9.1', revision: '63f7b50', time: '2018-02-07T22:25:02.294Z'
System info: host: 'WIN-GEDESCREUP8', ip: '172.16.161.151', os.name: 'Windows 7', os.arch: 'amd64', os.version: '6.1', java.version: '1.8.0_121'
Driver info: driver.version: ChromeDriver
	at NewTest.NewTest.beforeTest(NewTest.java:34)
Caused by: java.net.ConnectException: Failed to connect to localhost/0:0:0:0:0:0:0:1:5385
	at NewTest.NewTest.beforeTest(NewTest.java:34)
Caused by: java.net.ConnectException: Connection refused: connect
	at NewTest.NewTest.beforeTest(NewTest.java:34)
</failure>
    <system-err><![CDATA[SLF4J: Failed to load class "org.slf4j.impl.StaticLoggerBinder".
SLF4J: Defaulting to no-operation (NOP) logger implementation
SLF4J: See http://www.slf4j.org/codes.html#StaticLoggerBinder for further details.
Starting ChromeDriver 2.16.333243 (0bfa1d3575fc1044244f21ddb82bf870944ef961) on port 5385
Only local connections are allowed.
]]></system-err>
  </testcase>
  <testcase name="Maven" classname="NewTest.NewTest" time="0">
    <skipped message="java.net.ConnectException: Failed to connect to localhost/0:0:0:0:0:0:0:1:5385&#10;Build info: version: &apos;3.9.1&apos;, revision: &apos;63f7b50&apos;, time: &apos;2018-02-07T22:25:02.294Z&apos;&#10;System info: host: &apos;WIN-GEDESCREUP8&apos;, ip: &apos;172.16.161.151&apos;, os.name: &apos;Windows 7&apos;, os.arch: &apos;amd64&apos;, os.version: &apos;6.1&apos;, java.version: &apos;1.8.0_121&apos;&#10;Driver info: driver.version: ChromeDriver"/>
  </testcase>
  <testcase name="afterTest" classname="NewTest.NewTest" time="0">
    <skipped/>
  </testcase>
</testsuite>